<?xml version="1.0" encoding="UTF-8"?>
<!-- Generated by org.testng.reporters.JUnitXMLReporter -->
<testsuite ignored="0" hostname="Shivam-PC" failures="1" tests="2" name="Test" time="22.685" errors="0" timestamp="2024-05-11T06:28:29 IST">
  <testcase classname="testCases.TC_001_AccountRegistrationTest" name="verify_account_registration" time="4.387"/>
  <testcase classname="testCases.TC_002_LoginTest" name="verify_login" time="11.282">
    <failure type="java.lang.AssertionError" message="Login failed expected [true] but found [false]">
      <![CDATA[java.lang.AssertionError: Login failed expected [true] but found [false]
at testCases.TC_002_LoginTest.verify_login(TC_002_LoginTest.java:40)
at java.base/java.util.ArrayList.forEach(ArrayList.java:1596)
... Removed 31 stack frames]]>
    </failure>
  </testcase> <!-- verify_login -->
</testsuite> <!-- Test -->
